{"C:\\Users\\User\\Desktop\\nodeJS.Q4\\node.JS-Q4\\commandsForTransformStream.js": {"path":"C:\\Users\\User\\Desktop\\nodeJS.Q4\\node.JS-Q4\\commandsForTransformStream.js","statementMap":{"0":{"start":{"line":1,"column":30},"end":{"line":1,"column":72}},"1":{"start":{"line":2,"column":30},"end":{"line":2,"column":72}},"2":{"start":{"line":3,"column":28},"end":{"line":3,"column":68}},"3":{"start":{"line":4,"column":0},"end":{"line":10,"column":2}},"4":{"start":{"line":5,"column":13},"end":{"line":5,"column":40}},"5":{"start":{"line":6,"column":14},"end":{"line":6,"column":47}},"6":{"start":{"line":7,"column":14},"end":{"line":7,"column":48}},"7":{"start":{"line":8,"column":14},"end":{"line":8,"column":45}},"8":{"start":{"line":9,"column":14},"end":{"line":9,"column":46}}},"fnMap":{"0":{"name":"(anonymous_0)","decl":{"start":{"line":5,"column":7},"end":{"line":5,"column":8}},"loc":{"start":{"line":5,"column":13},"end":{"line":5,"column":40}},"line":5},"1":{"name":"(anonymous_1)","decl":{"start":{"line":6,"column":8},"end":{"line":6,"column":9}},"loc":{"start":{"line":6,"column":14},"end":{"line":6,"column":47}},"line":6},"2":{"name":"(anonymous_2)","decl":{"start":{"line":7,"column":8},"end":{"line":7,"column":9}},"loc":{"start":{"line":7,"column":14},"end":{"line":7,"column":48}},"line":7},"3":{"name":"(anonymous_3)","decl":{"start":{"line":8,"column":8},"end":{"line":8,"column":9}},"loc":{"start":{"line":8,"column":14},"end":{"line":8,"column":45}},"line":8},"4":{"name":"(anonymous_4)","decl":{"start":{"line":9,"column":8},"end":{"line":9,"column":9}},"loc":{"start":{"line":9,"column":14},"end":{"line":9,"column":46}},"line":9}},"branchMap":{},"s":{"0":3,"1":3,"2":3,"3":3,"4":3,"5":3,"6":3,"7":2,"8":4},"f":{"0":3,"1":3,"2":3,"3":2,"4":4},"b":{},"_coverageSchema":"1a1c01bbd47fc00a2c39e90264f33305004495a9","hash":"61a1b719e574c55b2f141cf8ddab7cd17d894bc9"}
,"C:\\Users\\User\\Desktop\\nodeJS.Q4\\node.JS-Q4\\env.js": {"path":"C:\\Users\\User\\Desktop\\nodeJS.Q4\\node.JS-Q4\\env.js","statementMap":{"0":{"start":{"line":1,"column":18},"end":{"line":9,"column":1}},"1":{"start":{"line":10,"column":0},"end":{"line":10,"column":27}}},"fnMap":{},"branchMap":{},"s":{"0":9,"1":9},"f":{},"b":{},"_coverageSchema":"1a1c01bbd47fc00a2c39e90264f33305004495a9","hash":"b845f6fcc86d0646483c0813749d38716770b4e5"}
,"C:\\Users\\User\\Desktop\\nodeJS.Q4\\node.JS-Q4\\handlers\\errorHandler.js": {"path":"C:\\Users\\User\\Desktop\\nodeJS.Q4\\node.JS-Q4\\handlers\\errorHandler.js","statementMap":{"0":{"start":{"line":1,"column":16},"end":{"line":1,"column":45}},"1":{"start":{"line":2,"column":21},"end":{"line":12,"column":1}},"2":{"start":{"line":3,"column":4},"end":{"line":10,"column":5}},"3":{"start":{"line":4,"column":8},"end":{"line":4,"column":55}},"4":{"start":{"line":5,"column":8},"end":{"line":5,"column":25}},"5":{"start":{"line":8,"column":8},"end":{"line":8,"column":55}},"6":{"start":{"line":9,"column":8},"end":{"line":9,"column":40}},"7":{"start":{"line":13,"column":0},"end":{"line":13,"column":30}}},"fnMap":{"0":{"name":"(anonymous_0)","decl":{"start":{"line":2,"column":21},"end":{"line":2,"column":22}},"loc":{"start":{"line":2,"column":32},"end":{"line":12,"column":1}},"line":2}},"branchMap":{"0":{"loc":{"start":{"line":3,"column":4},"end":{"line":10,"column":5}},"type":"if","locations":[{"start":{"line":3,"column":4},"end":{"line":10,"column":5}},{"start":{"line":7,"column":8},"end":{"line":10,"column":5}}],"line":3}},"s":{"0":7,"1":7,"2":2,"3":0,"4":0,"5":2,"6":2,"7":7},"f":{"0":2},"b":{"0":[0,2]},"_coverageSchema":"1a1c01bbd47fc00a2c39e90264f33305004495a9","hash":"8aac0451d1f4d69aa01639875184bdeda4f9607d"}
,"C:\\Users\\User\\Desktop\\nodeJS.Q4\\node.JS-Q4\\myError\\MyError.js": {"path":"C:\\Users\\User\\Desktop\\nodeJS.Q4\\node.JS-Q4\\myError\\MyError.js","statementMap":{"0":{"start":{"line":3,"column":8},"end":{"line":3,"column":23}},"1":{"start":{"line":7,"column":0},"end":{"line":7,"column":25}}},"fnMap":{"0":{"name":"(anonymous_0)","decl":{"start":{"line":2,"column":4},"end":{"line":2,"column":5}},"loc":{"start":{"line":2,"column":25},"end":{"line":4,"column":5}},"line":2}},"branchMap":{},"s":{"0":9,"1":12},"f":{"0":9},"b":{},"_coverageSchema":"1a1c01bbd47fc00a2c39e90264f33305004495a9","hash":"a0e2127193b1259058d52157844378dd24113b39"}
,"C:\\Users\\User\\Desktop\\nodeJS.Q4\\node.JS-Q4\\streams\\AtbashTransformStream.js": {"path":"C:\\Users\\User\\Desktop\\nodeJS.Q4\\node.JS-Q4\\streams\\AtbashTransformStream.js","statementMap":{"0":{"start":{"line":1,"column":20},"end":{"line":1,"column":37}},"1":{"start":{"line":7,"column":4},"end":{"line":7,"column":21}},"2":{"start":{"line":11,"column":8},"end":{"line":11,"column":16}},"3":{"start":{"line":15,"column":8},"end":{"line":19,"column":9}},"4":{"start":{"line":16,"column":12},"end":{"line":16,"column":66}},"5":{"start":{"line":17,"column":15},"end":{"line":19,"column":9}},"6":{"start":{"line":18,"column":12},"end":{"line":18,"column":88}},"7":{"start":{"line":20,"column":8},"end":{"line":20,"column":24}},"8":{"start":{"line":24,"column":21},"end":{"line":26,"column":10}},"9":{"start":{"line":25,"column":12},"end":{"line":25,"column":37}},"10":{"start":{"line":27,"column":8},"end":{"line":27,"column":36}},"11":{"start":{"line":28,"column":8},"end":{"line":28,"column":15}},"12":{"start":{"line":32,"column":0},"end":{"line":32,"column":39}}},"fnMap":{"0":{"name":"(anonymous_0)","decl":{"start":{"line":10,"column":4},"end":{"line":10,"column":5}},"loc":{"start":{"line":10,"column":18},"end":{"line":12,"column":5}},"line":10},"1":{"name":"(anonymous_1)","decl":{"start":{"line":14,"column":4},"end":{"line":14,"column":5}},"loc":{"start":{"line":14,"column":21},"end":{"line":22,"column":5}},"line":14},"2":{"name":"(anonymous_2)","decl":{"start":{"line":23,"column":4},"end":{"line":23,"column":5}},"loc":{"start":{"line":23,"column":38},"end":{"line":29,"column":5}},"line":23},"3":{"name":"(anonymous_3)","decl":{"start":{"line":24,"column":31},"end":{"line":24,"column":32}},"loc":{"start":{"line":24,"column":39},"end":{"line":26,"column":9}},"line":24}},"branchMap":{"0":{"loc":{"start":{"line":15,"column":8},"end":{"line":19,"column":9}},"type":"if","locations":[{"start":{"line":15,"column":8},"end":{"line":19,"column":9}},{"start":{"line":17,"column":15},"end":{"line":19,"column":9}}],"line":15},"1":{"loc":{"start":{"line":15,"column":12},"end":{"line":15,"column":68}},"type":"binary-expr","locations":[{"start":{"line":15,"column":12},"end":{"line":15,"column":39}},{"start":{"line":15,"column":43},"end":{"line":15,"column":68}}],"line":15},"2":{"loc":{"start":{"line":17,"column":15},"end":{"line":19,"column":9}},"type":"if","locations":[{"start":{"line":17,"column":15},"end":{"line":19,"column":9}},{"start":{},"end":{}}],"line":17},"3":{"loc":{"start":{"line":17,"column":19},"end":{"line":17,"column":97}},"type":"binary-expr","locations":[{"start":{"line":17,"column":19},"end":{"line":17,"column":57}},{"start":{"line":17,"column":61},"end":{"line":17,"column":97}}],"line":17}},"s":{"0":3,"1":3,"2":3,"3":0,"4":0,"5":0,"6":0,"7":0,"8":0,"9":0,"10":0,"11":0,"12":3},"f":{"0":3,"1":0,"2":0,"3":0},"b":{"0":[0,0],"1":[0,0],"2":[0,0],"3":[0,0]},"_coverageSchema":"1a1c01bbd47fc00a2c39e90264f33305004495a9","hash":"f12a3c24c439eb65c9bbf5877772ceead86c3ce0"}
,"C:\\Users\\User\\Desktop\\nodeJS.Q4\\node.JS-Q4\\streams\\CaesarTransformStream.js": {"path":"C:\\Users\\User\\Desktop\\nodeJS.Q4\\node.JS-Q4\\streams\\CaesarTransformStream.js","statementMap":{"0":{"start":{"line":1,"column":20},"end":{"line":1,"column":37}},"1":{"start":{"line":2,"column":112},"end":{"line":2,"column":129}},"2":{"start":{"line":6,"column":8},"end":{"line":6,"column":16}},"3":{"start":{"line":7,"column":8},"end":{"line":7,"column":33}},"4":{"start":{"line":11,"column":8},"end":{"line":13,"column":9}},"5":{"start":{"line":12,"column":12},"end":{"line":12,"column":42}},"6":{"start":{"line":14,"column":8},"end":{"line":44,"column":9}},"7":{"start":{"line":15,"column":12},"end":{"line":28,"column":13}},"8":{"start":{"line":17,"column":20},"end":{"line":17,"column":37}},"9":{"start":{"line":18,"column":20},"end":{"line":20,"column":21}},"10":{"start":{"line":19,"column":24},"end":{"line":19,"column":62}},"11":{"start":{"line":21,"column":20},"end":{"line":21,"column":26}},"12":{"start":{"line":23,"column":20},"end":{"line":23,"column":37}},"13":{"start":{"line":24,"column":20},"end":{"line":26,"column":21}},"14":{"start":{"line":25,"column":24},"end":{"line":25,"column":62}},"15":{"start":{"line":27,"column":20},"end":{"line":27,"column":25}},"16":{"start":{"line":29,"column":15},"end":{"line":44,"column":9}},"17":{"start":{"line":30,"column":12},"end":{"line":43,"column":13}},"18":{"start":{"line":32,"column":20},"end":{"line":32,"column":37}},"19":{"start":{"line":33,"column":20},"end":{"line":35,"column":21}},"20":{"start":{"line":34,"column":24},"end":{"line":34,"column":62}},"21":{"start":{"line":36,"column":20},"end":{"line":36,"column":26}},"22":{"start":{"line":38,"column":20},"end":{"line":38,"column":37}},"23":{"start":{"line":39,"column":20},"end":{"line":41,"column":21}},"24":{"start":{"line":40,"column":24},"end":{"line":40,"column":62}},"25":{"start":{"line":42,"column":20},"end":{"line":42,"column":25}},"26":{"start":{"line":45,"column":8},"end":{"line":45,"column":24}},"27":{"start":{"line":50,"column":21},"end":{"line":52,"column":10}},"28":{"start":{"line":51,"column":12},"end":{"line":51,"column":52}},"29":{"start":{"line":53,"column":8},"end":{"line":53,"column":36}},"30":{"start":{"line":54,"column":8},"end":{"line":54,"column":15}},"31":{"start":{"line":58,"column":0},"end":{"line":58,"column":39}}},"fnMap":{"0":{"name":"(anonymous_0)","decl":{"start":{"line":5,"column":4},"end":{"line":5,"column":5}},"loc":{"start":{"line":5,"column":26},"end":{"line":8,"column":5}},"line":5},"1":{"name":"(anonymous_1)","decl":{"start":{"line":10,"column":4},"end":{"line":10,"column":5}},"loc":{"start":{"line":10,"column":41},"end":{"line":47,"column":5}},"line":10},"2":{"name":"(anonymous_2)","decl":{"start":{"line":49,"column":4},"end":{"line":49,"column":5}},"loc":{"start":{"line":49,"column":38},"end":{"line":55,"column":5}},"line":49},"3":{"name":"(anonymous_3)","decl":{"start":{"line":50,"column":31},"end":{"line":50,"column":32}},"loc":{"start":{"line":50,"column":39},"end":{"line":52,"column":9}},"line":50}},"branchMap":{"0":{"loc":{"start":{"line":10,"column":31},"end":{"line":10,"column":39}},"type":"default-arg","locations":[{"start":{"line":10,"column":38},"end":{"line":10,"column":39}}],"line":10},"1":{"loc":{"start":{"line":11,"column":8},"end":{"line":13,"column":9}},"type":"if","locations":[{"start":{"line":11,"column":8},"end":{"line":13,"column":9}},{"start":{},"end":{}}],"line":11},"2":{"loc":{"start":{"line":14,"column":8},"end":{"line":44,"column":9}},"type":"if","locations":[{"start":{"line":14,"column":8},"end":{"line":44,"column":9}},{"start":{"line":29,"column":15},"end":{"line":44,"column":9}}],"line":14},"3":{"loc":{"start":{"line":14,"column":12},"end":{"line":14,"column":68}},"type":"binary-expr","locations":[{"start":{"line":14,"column":12},"end":{"line":14,"column":39}},{"start":{"line":14,"column":43},"end":{"line":14,"column":68}}],"line":14},"4":{"loc":{"start":{"line":15,"column":12},"end":{"line":28,"column":13}},"type":"switch","locations":[{"start":{"line":16,"column":16},"end":{"line":21,"column":26}},{"start":{"line":22,"column":16},"end":{"line":27,"column":25}}],"line":15},"5":{"loc":{"start":{"line":18,"column":20},"end":{"line":20,"column":21}},"type":"if","locations":[{"start":{"line":18,"column":20},"end":{"line":20,"column":21}},{"start":{},"end":{}}],"line":18},"6":{"loc":{"start":{"line":24,"column":20},"end":{"line":26,"column":21}},"type":"if","locations":[{"start":{"line":24,"column":20},"end":{"line":26,"column":21}},{"start":{},"end":{}}],"line":24},"7":{"loc":{"start":{"line":29,"column":15},"end":{"line":44,"column":9}},"type":"if","locations":[{"start":{"line":29,"column":15},"end":{"line":44,"column":9}},{"start":{},"end":{}}],"line":29},"8":{"loc":{"start":{"line":29,"column":19},"end":{"line":29,"column":97}},"type":"binary-expr","locations":[{"start":{"line":29,"column":19},"end":{"line":29,"column":57}},{"start":{"line":29,"column":61},"end":{"line":29,"column":97}}],"line":29},"9":{"loc":{"start":{"line":30,"column":12},"end":{"line":43,"column":13}},"type":"switch","locations":[{"start":{"line":31,"column":16},"end":{"line":36,"column":26}},{"start":{"line":37,"column":16},"end":{"line":42,"column":25}}],"line":30},"10":{"loc":{"start":{"line":33,"column":20},"end":{"line":35,"column":21}},"type":"if","locations":[{"start":{"line":33,"column":20},"end":{"line":35,"column":21}},{"start":{},"end":{}}],"line":33},"11":{"loc":{"start":{"line":39,"column":20},"end":{"line":41,"column":21}},"type":"if","locations":[{"start":{"line":39,"column":20},"end":{"line":41,"column":21}},{"start":{},"end":{}}],"line":39}},"s":{"0":3,"1":3,"2":6,"3":6,"4":0,"5":0,"6":0,"7":0,"8":0,"9":0,"10":0,"11":0,"12":0,"13":0,"14":0,"15":0,"16":0,"17":0,"18":0,"19":0,"20":0,"21":0,"22":0,"23":0,"24":0,"25":0,"26":0,"27":0,"28":0,"29":0,"30":0,"31":3},"f":{"0":6,"1":0,"2":0,"3":0},"b":{"0":[0],"1":[0,0],"2":[0,0],"3":[0,0],"4":[0,0],"5":[0,0],"6":[0,0],"7":[0,0],"8":[0,0],"9":[0,0],"10":[0,0],"11":[0,0]},"_coverageSchema":"1a1c01bbd47fc00a2c39e90264f33305004495a9","hash":"c73a757b9d06196c07705e94af4f1c3e225e6302"}
,"C:\\Users\\User\\Desktop\\nodeJS.Q4\\node.JS-Q4\\streams\\MyReadableStream.js": {"path":"C:\\Users\\User\\Desktop\\nodeJS.Q4\\node.JS-Q4\\streams\\MyReadableStream.js","statementMap":{"0":{"start":{"line":1,"column":19},"end":{"line":1,"column":36}},"1":{"start":{"line":2,"column":19},"end":{"line":2,"column":38}},"2":{"start":{"line":3,"column":11},"end":{"line":3,"column":24}},"3":{"start":{"line":7,"column":8},"end":{"line":7,"column":16}},"4":{"start":{"line":8,"column":8},"end":{"line":8,"column":33}},"5":{"start":{"line":9,"column":8},"end":{"line":9,"column":23}},"6":{"start":{"line":12,"column":8},"end":{"line":21,"column":10}},"7":{"start":{"line":13,"column":12},"end":{"line":19,"column":13}},"8":{"start":{"line":14,"column":16},"end":{"line":14,"column":29}},"9":{"start":{"line":17,"column":16},"end":{"line":17,"column":29}},"10":{"start":{"line":18,"column":16},"end":{"line":18,"column":26}},"11":{"start":{"line":24,"column":20},"end":{"line":24,"column":35}},"12":{"start":{"line":25,"column":8},"end":{"line":31,"column":11}},"13":{"start":{"line":26,"column":12},"end":{"line":30,"column":13}},"14":{"start":{"line":27,"column":16},"end":{"line":27,"column":34}},"15":{"start":{"line":29,"column":16},"end":{"line":29,"column":74}},"16":{"start":{"line":34,"column":8},"end":{"line":38,"column":9}},"17":{"start":{"line":35,"column":12},"end":{"line":35,"column":59}},"18":{"start":{"line":35,"column":38},"end":{"line":35,"column":57}},"19":{"start":{"line":37,"column":12},"end":{"line":37,"column":26}},"20":{"start":{"line":42,"column":0},"end":{"line":42,"column":34}}},"fnMap":{"0":{"name":"(anonymous_0)","decl":{"start":{"line":6,"column":4},"end":{"line":6,"column":5}},"loc":{"start":{"line":6,"column":26},"end":{"line":10,"column":5}},"line":6},"1":{"name":"(anonymous_1)","decl":{"start":{"line":11,"column":4},"end":{"line":11,"column":5}},"loc":{"start":{"line":11,"column":24},"end":{"line":22,"column":5}},"line":11},"2":{"name":"(anonymous_2)","decl":{"start":{"line":12,"column":30},"end":{"line":12,"column":31}},"loc":{"start":{"line":12,"column":40},"end":{"line":21,"column":9}},"line":12},"3":{"name":"(anonymous_3)","decl":{"start":{"line":23,"column":4},"end":{"line":23,"column":5}},"loc":{"start":{"line":23,"column":13},"end":{"line":32,"column":5}},"line":23},"4":{"name":"(anonymous_4)","decl":{"start":{"line":25,"column":42},"end":{"line":25,"column":43}},"loc":{"start":{"line":25,"column":62},"end":{"line":31,"column":9}},"line":25},"5":{"name":"(anonymous_5)","decl":{"start":{"line":33,"column":4},"end":{"line":33,"column":5}},"loc":{"start":{"line":33,"column":28},"end":{"line":39,"column":5}},"line":33},"6":{"name":"(anonymous_6)","decl":{"start":{"line":35,"column":30},"end":{"line":35,"column":31}},"loc":{"start":{"line":35,"column":38},"end":{"line":35,"column":57}},"line":35}},"branchMap":{"0":{"loc":{"start":{"line":13,"column":12},"end":{"line":19,"column":13}},"type":"if","locations":[{"start":{"line":13,"column":12},"end":{"line":19,"column":13}},{"start":{"line":16,"column":16},"end":{"line":19,"column":13}}],"line":13},"1":{"loc":{"start":{"line":26,"column":12},"end":{"line":30,"column":13}},"type":"if","locations":[{"start":{"line":26,"column":12},"end":{"line":30,"column":13}},{"start":{"line":28,"column":19},"end":{"line":30,"column":13}}],"line":26},"2":{"loc":{"start":{"line":29,"column":26},"end":{"line":29,"column":72}},"type":"cond-expr","locations":[{"start":{"line":29,"column":42},"end":{"line":29,"column":65}},{"start":{"line":29,"column":68},"end":{"line":29,"column":72}}],"line":29},"3":{"loc":{"start":{"line":34,"column":8},"end":{"line":38,"column":9}},"type":"if","locations":[{"start":{"line":34,"column":8},"end":{"line":38,"column":9}},{"start":{"line":36,"column":15},"end":{"line":38,"column":9}}],"line":34},"4":{"loc":{"start":{"line":35,"column":47},"end":{"line":35,"column":56}},"type":"binary-expr","locations":[{"start":{"line":35,"column":47},"end":{"line":35,"column":49}},{"start":{"line":35,"column":53},"end":{"line":35,"column":56}}],"line":35}},"s":{"0":3,"1":3,"2":3,"3":3,"4":3,"5":3,"6":0,"7":0,"8":0,"9":0,"10":0,"11":0,"12":0,"13":0,"14":0,"15":0,"16":0,"17":0,"18":0,"19":0,"20":3},"f":{"0":3,"1":0,"2":0,"3":0,"4":0,"5":0,"6":0},"b":{"0":[0,0],"1":[0,0],"2":[0,0],"3":[0,0],"4":[0,0]},"_coverageSchema":"1a1c01bbd47fc00a2c39e90264f33305004495a9","hash":"efcfcb4e309dccf77a7a68fd94be47eeb2a228a0"}
,"C:\\Users\\User\\Desktop\\nodeJS.Q4\\node.JS-Q4\\streams\\MyWritableStream.js": {"path":"C:\\Users\\User\\Desktop\\nodeJS.Q4\\node.JS-Q4\\streams\\MyWritableStream.js","statementMap":{"0":{"start":{"line":1,"column":21},"end":{"line":1,"column":38}},"1":{"start":{"line":2,"column":11},"end":{"line":2,"column":24}},"2":{"start":{"line":6,"column":8},"end":{"line":6,"column":16}},"3":{"start":{"line":7,"column":8},"end":{"line":7,"column":33}},"4":{"start":{"line":10,"column":8},"end":{"line":17,"column":11}},"5":{"start":{"line":11,"column":12},"end":{"line":16,"column":13}},"6":{"start":{"line":12,"column":16},"end":{"line":12,"column":30}},"7":{"start":{"line":14,"column":16},"end":{"line":14,"column":29}},"8":{"start":{"line":15,"column":16},"end":{"line":15,"column":27}},"9":{"start":{"line":20,"column":8},"end":{"line":20,"column":43}},"10":{"start":{"line":23,"column":8},"end":{"line":27,"column":9}},"11":{"start":{"line":24,"column":12},"end":{"line":24,"column":59}},"12":{"start":{"line":24,"column":38},"end":{"line":24,"column":57}},"13":{"start":{"line":26,"column":12},"end":{"line":26,"column":26}},"14":{"start":{"line":30,"column":1},"end":{"line":30,"column":35}}},"fnMap":{"0":{"name":"(anonymous_0)","decl":{"start":{"line":5,"column":4},"end":{"line":5,"column":5}},"loc":{"start":{"line":5,"column":26},"end":{"line":8,"column":5}},"line":5},"1":{"name":"(anonymous_1)","decl":{"start":{"line":9,"column":4},"end":{"line":9,"column":5}},"loc":{"start":{"line":9,"column":25},"end":{"line":18,"column":5}},"line":9},"2":{"name":"(anonymous_2)","decl":{"start":{"line":10,"column":35},"end":{"line":10,"column":36}},"loc":{"start":{"line":10,"column":48},"end":{"line":17,"column":9}},"line":10},"3":{"name":"(anonymous_3)","decl":{"start":{"line":19,"column":4},"end":{"line":19,"column":5}},"loc":{"start":{"line":19,"column":38},"end":{"line":21,"column":5}},"line":19},"4":{"name":"(anonymous_4)","decl":{"start":{"line":22,"column":4},"end":{"line":22,"column":5}},"loc":{"start":{"line":22,"column":28},"end":{"line":28,"column":5}},"line":22},"5":{"name":"(anonymous_5)","decl":{"start":{"line":24,"column":30},"end":{"line":24,"column":31}},"loc":{"start":{"line":24,"column":38},"end":{"line":24,"column":57}},"line":24}},"branchMap":{"0":{"loc":{"start":{"line":11,"column":12},"end":{"line":16,"column":13}},"type":"if","locations":[{"start":{"line":11,"column":12},"end":{"line":16,"column":13}},{"start":{"line":13,"column":19},"end":{"line":16,"column":13}}],"line":11},"1":{"loc":{"start":{"line":23,"column":8},"end":{"line":27,"column":9}},"type":"if","locations":[{"start":{"line":23,"column":8},"end":{"line":27,"column":9}},{"start":{"line":25,"column":15},"end":{"line":27,"column":9}}],"line":23},"2":{"loc":{"start":{"line":24,"column":47},"end":{"line":24,"column":56}},"type":"binary-expr","locations":[{"start":{"line":24,"column":47},"end":{"line":24,"column":49}},{"start":{"line":24,"column":53},"end":{"line":24,"column":56}}],"line":24}},"s":{"0":4,"1":4,"2":3,"3":3,"4":0,"5":0,"6":0,"7":0,"8":0,"9":0,"10":0,"11":0,"12":0,"13":0,"14":4},"f":{"0":3,"1":0,"2":0,"3":0,"4":0,"5":0},"b":{"0":[0,0],"1":[0,0],"2":[0,0]},"_coverageSchema":"1a1c01bbd47fc00a2c39e90264f33305004495a9","hash":"93a67d26c2072b18c470992ec1687a9f7687a66b"}
,"C:\\Users\\User\\Desktop\\nodeJS.Q4\\node.JS-Q4\\streams\\Rot8TransformStream.js": {"path":"C:\\Users\\User\\Desktop\\nodeJS.Q4\\node.JS-Q4\\streams\\Rot8TransformStream.js","statementMap":{"0":{"start":{"line":1,"column":20},"end":{"line":1,"column":37}},"1":{"start":{"line":8,"column":4},"end":{"line":8,"column":21}},"2":{"start":{"line":12,"column":8},"end":{"line":12,"column":16}},"3":{"start":{"line":13,"column":8},"end":{"line":13,"column":33}},"4":{"start":{"line":17,"column":21},"end":{"line":17,"column":22}},"5":{"start":{"line":18,"column":8},"end":{"line":42,"column":9}},"6":{"start":{"line":19,"column":12},"end":{"line":29,"column":13}},"7":{"start":{"line":20,"column":16},"end":{"line":20,"column":33}},"8":{"start":{"line":21,"column":16},"end":{"line":23,"column":17}},"9":{"start":{"line":22,"column":20},"end":{"line":22,"column":58}},"10":{"start":{"line":25,"column":16},"end":{"line":25,"column":33}},"11":{"start":{"line":26,"column":16},"end":{"line":28,"column":17}},"12":{"start":{"line":27,"column":20},"end":{"line":27,"column":58}},"13":{"start":{"line":30,"column":15},"end":{"line":42,"column":9}},"14":{"start":{"line":31,"column":12},"end":{"line":41,"column":13}},"15":{"start":{"line":32,"column":16},"end":{"line":32,"column":33}},"16":{"start":{"line":33,"column":16},"end":{"line":35,"column":17}},"17":{"start":{"line":34,"column":20},"end":{"line":34,"column":58}},"18":{"start":{"line":37,"column":16},"end":{"line":37,"column":33}},"19":{"start":{"line":38,"column":16},"end":{"line":40,"column":17}},"20":{"start":{"line":39,"column":20},"end":{"line":39,"column":58}},"21":{"start":{"line":43,"column":8},"end":{"line":43,"column":24}},"22":{"start":{"line":46,"column":21},"end":{"line":48,"column":10}},"23":{"start":{"line":47,"column":12},"end":{"line":47,"column":52}},"24":{"start":{"line":49,"column":8},"end":{"line":49,"column":36}},"25":{"start":{"line":50,"column":8},"end":{"line":50,"column":15}},"26":{"start":{"line":54,"column":0},"end":{"line":54,"column":37}}},"fnMap":{"0":{"name":"(anonymous_0)","decl":{"start":{"line":11,"column":4},"end":{"line":11,"column":5}},"loc":{"start":{"line":11,"column":26},"end":{"line":14,"column":5}},"line":11},"1":{"name":"(anonymous_1)","decl":{"start":{"line":16,"column":4},"end":{"line":16,"column":5}},"loc":{"start":{"line":16,"column":31},"end":{"line":44,"column":5}},"line":16},"2":{"name":"(anonymous_2)","decl":{"start":{"line":45,"column":4},"end":{"line":45,"column":5}},"loc":{"start":{"line":45,"column":38},"end":{"line":51,"column":5}},"line":45},"3":{"name":"(anonymous_3)","decl":{"start":{"line":46,"column":31},"end":{"line":46,"column":32}},"loc":{"start":{"line":46,"column":39},"end":{"line":48,"column":9}},"line":46}},"branchMap":{"0":{"loc":{"start":{"line":18,"column":8},"end":{"line":42,"column":9}},"type":"if","locations":[{"start":{"line":18,"column":8},"end":{"line":42,"column":9}},{"start":{"line":30,"column":15},"end":{"line":42,"column":9}}],"line":18},"1":{"loc":{"start":{"line":18,"column":12},"end":{"line":18,"column":68}},"type":"binary-expr","locations":[{"start":{"line":18,"column":12},"end":{"line":18,"column":39}},{"start":{"line":18,"column":43},"end":{"line":18,"column":68}}],"line":18},"2":{"loc":{"start":{"line":19,"column":12},"end":{"line":29,"column":13}},"type":"if","locations":[{"start":{"line":19,"column":12},"end":{"line":29,"column":13}},{"start":{"line":24,"column":19},"end":{"line":29,"column":13}}],"line":19},"3":{"loc":{"start":{"line":21,"column":16},"end":{"line":23,"column":17}},"type":"if","locations":[{"start":{"line":21,"column":16},"end":{"line":23,"column":17}},{"start":{},"end":{}}],"line":21},"4":{"loc":{"start":{"line":26,"column":16},"end":{"line":28,"column":17}},"type":"if","locations":[{"start":{"line":26,"column":16},"end":{"line":28,"column":17}},{"start":{},"end":{}}],"line":26},"5":{"loc":{"start":{"line":30,"column":15},"end":{"line":42,"column":9}},"type":"if","locations":[{"start":{"line":30,"column":15},"end":{"line":42,"column":9}},{"start":{},"end":{}}],"line":30},"6":{"loc":{"start":{"line":30,"column":19},"end":{"line":30,"column":97}},"type":"binary-expr","locations":[{"start":{"line":30,"column":19},"end":{"line":30,"column":57}},{"start":{"line":30,"column":61},"end":{"line":30,"column":97}}],"line":30},"7":{"loc":{"start":{"line":31,"column":12},"end":{"line":41,"column":13}},"type":"if","locations":[{"start":{"line":31,"column":12},"end":{"line":41,"column":13}},{"start":{"line":36,"column":19},"end":{"line":41,"column":13}}],"line":31},"8":{"loc":{"start":{"line":33,"column":16},"end":{"line":35,"column":17}},"type":"if","locations":[{"start":{"line":33,"column":16},"end":{"line":35,"column":17}},{"start":{},"end":{}}],"line":33},"9":{"loc":{"start":{"line":38,"column":16},"end":{"line":40,"column":17}},"type":"if","locations":[{"start":{"line":38,"column":16},"end":{"line":40,"column":17}},{"start":{},"end":{}}],"line":38}},"s":{"0":3,"1":3,"2":6,"3":6,"4":0,"5":0,"6":0,"7":0,"8":0,"9":0,"10":0,"11":0,"12":0,"13":0,"14":0,"15":0,"16":0,"17":0,"18":0,"19":0,"20":0,"21":0,"22":0,"23":0,"24":0,"25":0,"26":3},"f":{"0":6,"1":0,"2":0,"3":0},"b":{"0":[0,0],"1":[0,0],"2":[0,0],"3":[0,0],"4":[0,0],"5":[0,0],"6":[0,0],"7":[0,0],"8":[0,0],"9":[0,0]},"_coverageSchema":"1a1c01bbd47fc00a2c39e90264f33305004495a9","hash":"a3839828de86b0bb375ef9d2b22d66b291e44529"}
,"C:\\Users\\User\\Desktop\\nodeJS.Q4\\node.JS-Q4\\streams\\chainStreams.js": {"path":"C:\\Users\\User\\Desktop\\nodeJS.Q4\\node.JS-Q4\\streams\\chainStreams.js","statementMap":{"0":{"start":{"line":1,"column":17},"end":{"line":1,"column":57}},"1":{"start":{"line":2,"column":21},"end":{"line":5,"column":1}},"2":{"start":{"line":3,"column":20},"end":{"line":3,"column":72}},"3":{"start":{"line":3,"column":53},"end":{"line":3,"column":71}},"4":{"start":{"line":4,"column":4},"end":{"line":4,"column":37}},"5":{"start":{"line":6,"column":0},"end":{"line":6,"column":30}}},"fnMap":{"0":{"name":"(anonymous_0)","decl":{"start":{"line":2,"column":21},"end":{"line":2,"column":22}},"loc":{"start":{"line":2,"column":47},"end":{"line":5,"column":1}},"line":2},"1":{"name":"(anonymous_1)","decl":{"start":{"line":3,"column":43},"end":{"line":3,"column":44}},"loc":{"start":{"line":3,"column":53},"end":{"line":3,"column":71}},"line":3}},"branchMap":{},"s":{"0":1,"1":1,"2":1,"3":10,"4":1,"5":1},"f":{"0":1,"1":10},"b":{},"_coverageSchema":"1a1c01bbd47fc00a2c39e90264f33305004495a9","hash":"5979e04fb29972f7cd49a31cfab718fca72cf5aa"}
,"C:\\Users\\User\\Desktop\\nodeJS.Q4\\node.JS-Q4\\streams\\createReadStream.js": {"path":"C:\\Users\\User\\Desktop\\nodeJS.Q4\\node.JS-Q4\\streams\\createReadStream.js","statementMap":{"0":{"start":{"line":1,"column":11},"end":{"line":1,"column":24}},"1":{"start":{"line":2,"column":13},"end":{"line":2,"column":28}},"2":{"start":{"line":3,"column":15},"end":{"line":3,"column":32}},"3":{"start":{"line":4,"column":21},"end":{"line":4,"column":56}},"4":{"start":{"line":5,"column":21},"end":{"line":5,"column":59}},"5":{"start":{"line":6,"column":16},"end":{"line":6,"column":45}},"6":{"start":{"line":7,"column":25},"end":{"line":20,"column":1}},"7":{"start":{"line":8,"column":4},"end":{"line":17,"column":5}},"8":{"start":{"line":9,"column":24},"end":{"line":9,"column":64}},"9":{"start":{"line":10,"column":8},"end":{"line":14,"column":9}},"10":{"start":{"line":11,"column":12},"end":{"line":11,"column":63}},"11":{"start":{"line":13,"column":12},"end":{"line":13,"column":56}},"12":{"start":{"line":16,"column":8},"end":{"line":16,"column":29}},"13":{"start":{"line":22,"column":0},"end":{"line":22,"column":34}}},"fnMap":{"0":{"name":"(anonymous_0)","decl":{"start":{"line":7,"column":25},"end":{"line":7,"column":26}},"loc":{"start":{"line":7,"column":39},"end":{"line":20,"column":1}},"line":7}},"branchMap":{"0":{"loc":{"start":{"line":8,"column":4},"end":{"line":17,"column":5}},"type":"if","locations":[{"start":{"line":8,"column":4},"end":{"line":17,"column":5}},{"start":{"line":15,"column":11},"end":{"line":17,"column":5}}],"line":8},"1":{"loc":{"start":{"line":10,"column":8},"end":{"line":14,"column":9}},"type":"if","locations":[{"start":{"line":10,"column":8},"end":{"line":14,"column":9}},{"start":{"line":12,"column":15},"end":{"line":14,"column":9}}],"line":10}},"s":{"0":2,"1":2,"2":2,"3":2,"4":2,"5":2,"6":2,"7":3,"8":3,"9":3,"10":2,"11":1,"12":0,"13":2},"f":{"0":3},"b":{"0":[3,0],"1":[2,1]},"_coverageSchema":"1a1c01bbd47fc00a2c39e90264f33305004495a9","hash":"df2015727e803bfba34f2b877909d58bfb26783d"}
,"C:\\Users\\User\\Desktop\\nodeJS.Q4\\node.JS-Q4\\streams\\createWriteStream.js": {"path":"C:\\Users\\User\\Desktop\\nodeJS.Q4\\node.JS-Q4\\streams\\createWriteStream.js","statementMap":{"0":{"start":{"line":1,"column":11},"end":{"line":1,"column":24}},"1":{"start":{"line":2,"column":13},"end":{"line":2,"column":28}},"2":{"start":{"line":3,"column":15},"end":{"line":3,"column":32}},"3":{"start":{"line":4,"column":16},"end":{"line":4,"column":45}},"4":{"start":{"line":5,"column":21},"end":{"line":5,"column":56}},"5":{"start":{"line":6,"column":22},"end":{"line":6,"column":60}},"6":{"start":{"line":7,"column":26},"end":{"line":18,"column":1}},"7":{"start":{"line":8,"column":4},"end":{"line":17,"column":5}},"8":{"start":{"line":9,"column":24},"end":{"line":9,"column":64}},"9":{"start":{"line":10,"column":8},"end":{"line":14,"column":9}},"10":{"start":{"line":11,"column":12},"end":{"line":11,"column":64}},"11":{"start":{"line":13,"column":12},"end":{"line":13,"column":57}},"12":{"start":{"line":16,"column":8},"end":{"line":16,"column":30}},"13":{"start":{"line":20,"column":0},"end":{"line":20,"column":35}}},"fnMap":{"0":{"name":"(anonymous_0)","decl":{"start":{"line":7,"column":26},"end":{"line":7,"column":27}},"loc":{"start":{"line":7,"column":40},"end":{"line":18,"column":1}},"line":7}},"branchMap":{"0":{"loc":{"start":{"line":8,"column":4},"end":{"line":17,"column":5}},"type":"if","locations":[{"start":{"line":8,"column":4},"end":{"line":17,"column":5}},{"start":{"line":15,"column":11},"end":{"line":17,"column":5}}],"line":8},"1":{"loc":{"start":{"line":10,"column":8},"end":{"line":14,"column":9}},"type":"if","locations":[{"start":{"line":10,"column":8},"end":{"line":14,"column":9}},{"start":{"line":12,"column":15},"end":{"line":14,"column":9}}],"line":10}},"s":{"0":4,"1":4,"2":4,"3":4,"4":4,"5":4,"6":4,"7":3,"8":3,"9":3,"10":2,"11":1,"12":0,"13":4},"f":{"0":3},"b":{"0":[3,0],"1":[2,1]},"_coverageSchema":"1a1c01bbd47fc00a2c39e90264f33305004495a9","hash":"9d8d020d8c4c89af4dd313ff1c71a6e308ef0766"}
,"C:\\Users\\User\\Desktop\\nodeJS.Q4\\node.JS-Q4\\validators\\configValidator.js": {"path":"C:\\Users\\User\\Desktop\\nodeJS.Q4\\node.JS-Q4\\validators\\configValidator.js","statementMap":{"0":{"start":{"line":1,"column":17},"end":{"line":1,"column":57}},"1":{"start":{"line":2,"column":26},"end":{"line":2,"column":47}},"2":{"start":{"line":3,"column":23},"end":{"line":10,"column":1}},"3":{"start":{"line":4,"column":4},"end":{"line":9,"column":6}},"4":{"start":{"line":5,"column":8},"end":{"line":7,"column":9}},"5":{"start":{"line":6,"column":12},"end":{"line":6,"column":24}},"6":{"start":{"line":8,"column":8},"end":{"line":8,"column":20}},"7":{"start":{"line":11,"column":0},"end":{"line":11,"column":32}}},"fnMap":{"0":{"name":"(anonymous_0)","decl":{"start":{"line":3,"column":23},"end":{"line":3,"column":24}},"loc":{"start":{"line":3,"column":35},"end":{"line":10,"column":1}},"line":3},"1":{"name":"(anonymous_1)","decl":{"start":{"line":4,"column":35},"end":{"line":4,"column":36}},"loc":{"start":{"line":4,"column":43},"end":{"line":9,"column":5}},"line":4}},"branchMap":{"0":{"loc":{"start":{"line":5,"column":8},"end":{"line":7,"column":9}},"type":"if","locations":[{"start":{"line":5,"column":8},"end":{"line":7,"column":9}},{"start":{},"end":{}}],"line":5}},"s":{"0":1,"1":1,"2":1,"3":2,"4":7,"5":6,"6":1,"7":1},"f":{"0":2,"1":7},"b":{"0":[6,1]},"_coverageSchema":"1a1c01bbd47fc00a2c39e90264f33305004495a9","hash":"26388164bdfefa1272a6ae8159f0997039542201"}
,"C:\\Users\\User\\Desktop\\nodeJS.Q4\\node.JS-Q4\\validators\\isFileValidator.js": {"path":"C:\\Users\\User\\Desktop\\nodeJS.Q4\\node.JS-Q4\\validators\\isFileValidator.js","statementMap":{"0":{"start":{"line":1,"column":11},"end":{"line":1,"column":24}},"1":{"start":{"line":2,"column":16},"end":{"line":2,"column":45}},"2":{"start":{"line":3,"column":24},"end":{"line":9,"column":1}},"3":{"start":{"line":4,"column":18},"end":{"line":4,"column":50}},"4":{"start":{"line":5,"column":4},"end":{"line":7,"column":5}},"5":{"start":{"line":6,"column":8},"end":{"line":6,"column":60}},"6":{"start":{"line":10,"column":0},"end":{"line":10,"column":33}}},"fnMap":{"0":{"name":"(anonymous_0)","decl":{"start":{"line":3,"column":24},"end":{"line":3,"column":25}},"loc":{"start":{"line":3,"column":34},"end":{"line":9,"column":1}},"line":3}},"branchMap":{"0":{"loc":{"start":{"line":5,"column":4},"end":{"line":7,"column":5}},"type":"if","locations":[{"start":{"line":5,"column":4},"end":{"line":7,"column":5}},{"start":{},"end":{}}],"line":5}},"s":{"0":1,"1":1,"2":1,"3":3,"4":3,"5":2,"6":1},"f":{"0":3},"b":{"0":[2,1]},"_coverageSchema":"1a1c01bbd47fc00a2c39e90264f33305004495a9","hash":"03b195111ff2d53638fba5abf44392e7b8149ed0"}
,"C:\\Users\\User\\Desktop\\nodeJS.Q4\\node.JS-Q4\\validators\\readPermissionValidator.js": {"path":"C:\\Users\\User\\Desktop\\nodeJS.Q4\\node.JS-Q4\\validators\\readPermissionValidator.js","statementMap":{"0":{"start":{"line":1,"column":11},"end":{"line":1,"column":24}},"1":{"start":{"line":2,"column":16},"end":{"line":2,"column":45}},"2":{"start":{"line":3,"column":15},"end":{"line":3,"column":32}},"3":{"start":{"line":4,"column":13},"end":{"line":4,"column":28}},"4":{"start":{"line":7,"column":20},"end":{"line":7,"column":55}},"5":{"start":{"line":8,"column":4},"end":{"line":18,"column":5}},"6":{"start":{"line":9,"column":24},"end":{"line":9,"column":65}},"7":{"start":{"line":10,"column":8},"end":{"line":15,"column":9}},"8":{"start":{"line":11,"column":12},"end":{"line":11,"column":47}},"9":{"start":{"line":13,"column":12},"end":{"line":13,"column":49}},"10":{"start":{"line":14,"column":12},"end":{"line":14,"column":57}},"11":{"start":{"line":17,"column":8},"end":{"line":17,"column":37}},"12":{"start":{"line":20,"column":0},"end":{"line":20,"column":37}}},"fnMap":{"0":{"name":"checkReadPermission","decl":{"start":{"line":6,"column":9},"end":{"line":6,"column":28}},"loc":{"start":{"line":6,"column":40},"end":{"line":19,"column":1}},"line":6}},"branchMap":{"0":{"loc":{"start":{"line":10,"column":8},"end":{"line":15,"column":9}},"type":"if","locations":[{"start":{"line":10,"column":8},"end":{"line":15,"column":9}},{"start":{"line":12,"column":15},"end":{"line":15,"column":9}}],"line":10}},"s":{"0":1,"1":1,"2":1,"3":1,"4":3,"5":3,"6":3,"7":3,"8":3,"9":0,"10":0,"11":2,"12":1},"f":{"0":3},"b":{"0":[3,0]},"_coverageSchema":"1a1c01bbd47fc00a2c39e90264f33305004495a9","hash":"c232036e1d37761718eb4a444ad637497a37dcf2"}
,"C:\\Users\\User\\Desktop\\nodeJS.Q4\\node.JS-Q4\\validators\\writePermissionValidator.js": {"path":"C:\\Users\\User\\Desktop\\nodeJS.Q4\\node.JS-Q4\\validators\\writePermissionValidator.js","statementMap":{"0":{"start":{"line":1,"column":11},"end":{"line":1,"column":24}},"1":{"start":{"line":2,"column":16},"end":{"line":2,"column":45}},"2":{"start":{"line":3,"column":15},"end":{"line":3,"column":32}},"3":{"start":{"line":4,"column":13},"end":{"line":4,"column":28}},"4":{"start":{"line":5,"column":21},"end":{"line":5,"column":56}},"5":{"start":{"line":8,"column":20},"end":{"line":8,"column":61}},"6":{"start":{"line":9,"column":4},"end":{"line":13,"column":5}},"7":{"start":{"line":10,"column":8},"end":{"line":10,"column":41}},"8":{"start":{"line":12,"column":8},"end":{"line":12,"column":54}},"9":{"start":{"line":16,"column":0},"end":{"line":16,"column":38}}},"fnMap":{"0":{"name":"checkWritePermission","decl":{"start":{"line":7,"column":9},"end":{"line":7,"column":29}},"loc":{"start":{"line":7,"column":41},"end":{"line":14,"column":1}},"line":7}},"branchMap":{"0":{"loc":{"start":{"line":9,"column":4},"end":{"line":13,"column":5}},"type":"if","locations":[{"start":{"line":9,"column":4},"end":{"line":13,"column":5}},{"start":{"line":11,"column":11},"end":{"line":13,"column":5}}],"line":9}},"s":{"0":1,"1":1,"2":1,"3":1,"4":1,"5":3,"6":3,"7":2,"8":1,"9":1},"f":{"0":3},"b":{"0":[2,1]},"_coverageSchema":"1a1c01bbd47fc00a2c39e90264f33305004495a9","hash":"dd2dcd17e83a9195d67de1f913860cc4b845ec8b"}
}
