TN:
SF:commandsForTransformStream.js
FN:5,(anonymous_0)
FN:6,(anonymous_1)
FN:7,(anonymous_2)
FN:8,(anonymous_3)
FN:9,(anonymous_4)
FNF:5
FNH:5
FNDA:1,(anonymous_0)
FNDA:1,(anonymous_1)
FNDA:1,(anonymous_2)
FNDA:1,(anonymous_3)
FNDA:1,(anonymous_4)
DA:1,2
DA:2,2
DA:3,2
DA:4,2
DA:5,1
DA:6,1
DA:7,1
DA:8,1
DA:9,1
LF:9
LH:9
BRF:0
BRH:0
end_of_record
TN:
SF:env.js
FNF:0
FNH:0
DA:1,9
DA:10,9
LF:2
LH:2
BRF:0
BRH:0
end_of_record
TN:
SF:handlers\errorHandler.js
FN:2,(anonymous_0)
FNF:1
FNH:1
FNDA:2,(anonymous_0)
DA:1,2
DA:2,2
DA:3,2
DA:4,0
DA:5,0
DA:8,2
DA:9,2
DA:13,2
LF:8
LH:6
BRDA:3,0,0,0
BRDA:3,0,1,2
BRF:2
BRH:1
end_of_record
TN:
SF:myError\MyError.js
FN:2,(anonymous_0)
FNF:1
FNH:1
FNDA:10,(anonymous_0)
DA:3,10
DA:7,7
LF:2
LH:2
BRF:0
BRH:0
end_of_record
TN:
SF:streams\AtbashTransformStream.js
FN:10,(anonymous_0)
FN:14,(anonymous_1)
FN:23,(anonymous_2)
FN:24,(anonymous_3)
FNF:4
FNH:4
FNDA:2,(anonymous_0)
FNDA:6,(anonymous_1)
FNDA:3,(anonymous_2)
FNDA:3,(anonymous_3)
DA:1,3
DA:7,3
DA:11,2
DA:15,6
DA:16,3
DA:17,3
DA:18,2
DA:20,6
DA:24,3
DA:25,3
DA:27,3
DA:28,3
DA:33,3
LF:13
LH:13
BRDA:15,0,0,3
BRDA:15,0,1,3
BRDA:15,1,0,6
BRDA:15,1,1,3
BRDA:17,2,0,2
BRDA:17,2,1,1
BRDA:17,3,0,3
BRDA:17,3,1,2
BRF:8
BRH:8
end_of_record
TN:
SF:streams\CaesarTransformStream.js
FN:5,(anonymous_0)
FN:10,(anonymous_1)
FN:45,(anonymous_2)
FN:46,(anonymous_3)
FNF:4
FNH:4
FNDA:4,(anonymous_0)
FNDA:13,(anonymous_1)
FNDA:6,(anonymous_2)
FNDA:6,(anonymous_3)
DA:1,3
DA:2,3
DA:6,4
DA:7,4
DA:11,13
DA:12,9
DA:14,5
DA:15,5
DA:16,1
DA:18,5
DA:20,4
DA:21,4
DA:22,0
DA:24,4
DA:26,4
DA:27,2
DA:29,1
DA:30,1
DA:31,0
DA:33,1
DA:35,1
DA:36,1
DA:37,0
DA:39,1
DA:42,13
DA:46,6
DA:47,6
DA:49,6
DA:50,6
DA:54,3
LF:30
LH:27
BRDA:10,0,0,0
BRDA:10,1,0,13
BRDA:11,2,0,9
BRDA:11,2,1,4
BRDA:11,3,0,13
BRDA:11,3,1,9
BRDA:12,4,0,5
BRDA:12,4,1,4
BRDA:15,5,0,1
BRDA:15,5,1,4
BRDA:21,6,0,0
BRDA:21,6,1,4
BRDA:26,7,0,2
BRDA:26,7,1,2
BRDA:26,8,0,4
BRDA:26,8,1,2
BRDA:27,9,0,1
BRDA:27,9,1,1
BRDA:30,10,0,0
BRDA:30,10,1,1
BRDA:36,11,0,0
BRDA:36,11,1,1
BRF:22
BRH:18
end_of_record
TN:
SF:streams\Rot8TransformStream.js
FN:11,(anonymous_0)
FN:16,(anonymous_1)
FN:45,(anonymous_2)
FN:46,(anonymous_3)
FNF:4
FNH:4
FNDA:4,(anonymous_0)
FNDA:6,(anonymous_1)
FNDA:3,(anonymous_2)
FNDA:3,(anonymous_3)
DA:1,3
DA:8,3
DA:12,4
DA:13,4
DA:17,6
DA:18,6
DA:19,3
DA:20,3
DA:21,3
DA:22,2
DA:25,0
DA:26,0
DA:27,0
DA:30,3
DA:31,2
DA:32,1
DA:33,1
DA:34,0
DA:37,1
DA:38,1
DA:39,0
DA:43,6
DA:46,3
DA:47,3
DA:49,3
DA:50,3
DA:54,3
LF:27
LH:22
BRDA:16,0,0,1
BRDA:18,1,0,3
BRDA:18,1,1,3
BRDA:18,2,0,6
BRDA:18,2,1,3
BRDA:19,3,0,3
BRDA:19,3,1,0
BRDA:21,4,0,2
BRDA:21,4,1,1
BRDA:26,5,0,0
BRDA:26,5,1,0
BRDA:30,6,0,2
BRDA:30,6,1,1
BRDA:30,7,0,3
BRDA:30,7,1,2
BRDA:31,8,0,1
BRDA:31,8,1,1
BRDA:33,9,0,0
BRDA:33,9,1,1
BRDA:38,10,0,0
BRDA:38,10,1,1
BRF:21
BRH:16
end_of_record
TN:
SF:streams\createReadStream.js
FN:5,(anonymous_0)
FNF:1
FNH:1
FNDA:3,(anonymous_0)
DA:1,1
DA:2,1
DA:3,1
DA:4,1
DA:5,1
DA:6,3
DA:7,2
DA:8,2
DA:9,1
DA:11,1
DA:14,1
DA:20,1
LF:12
LH:12
BRDA:6,0,0,2
BRDA:6,0,1,1
BRDA:8,1,0,1
BRDA:8,1,1,1
BRF:4
BRH:4
end_of_record
TN:
SF:streams\createWriteStream.js
FN:5,(anonymous_0)
FNF:1
FNH:1
FNDA:3,(anonymous_0)
DA:1,1
DA:2,1
DA:3,1
DA:4,1
DA:5,1
DA:6,3
DA:7,2
DA:8,2
DA:9,1
DA:11,1
DA:14,1
DA:18,1
LF:12
LH:12
BRDA:6,0,0,2
BRDA:6,0,1,1
BRDA:8,1,0,1
BRDA:8,1,1,1
BRF:4
BRH:4
end_of_record
TN:
SF:validators\configValidator.js
FN:3,(anonymous_0)
FN:4,(anonymous_1)
FNF:2
FNH:2
FNDA:2,(anonymous_0)
FNDA:7,(anonymous_1)
DA:1,1
DA:2,1
DA:3,1
DA:4,2
DA:5,7
DA:6,6
DA:8,1
DA:11,1
LF:8
LH:8
BRDA:5,0,0,6
BRDA:5,0,1,1
BRF:2
BRH:2
end_of_record
TN:
SF:validators\isFileValidator.js
FN:3,(anonymous_0)
FNF:1
FNH:1
FNDA:3,(anonymous_0)
DA:1,1
DA:2,1
DA:3,1
DA:4,3
DA:5,3
DA:6,2
DA:10,1
LF:7
LH:7
BRDA:5,0,0,2
BRDA:5,0,1,1
BRF:2
BRH:2
end_of_record
TN:
SF:validators\readPermissionValidator.js
FN:6,checkReadPermission
FNF:1
FNH:1
FNDA:4,checkReadPermission
DA:1,1
DA:2,1
DA:3,1
DA:4,1
DA:7,4
DA:8,4
DA:9,4
DA:10,4
DA:11,3
DA:12,1
DA:14,1
DA:15,1
DA:18,3
DA:21,1
LF:14
LH:14
BRDA:10,0,0,3
BRDA:10,0,1,1
BRF:2
BRH:2
end_of_record
TN:
SF:validators\writePermissionValidator.js
FN:7,checkWritePermission
FNF:1
FNH:1
FNDA:3,checkWritePermission
DA:1,1
DA:2,1
DA:3,1
DA:4,1
DA:5,1
DA:8,3
DA:9,3
DA:10,2
DA:12,1
DA:16,1
LF:10
LH:10
BRDA:9,0,0,2
BRDA:9,0,1,1
BRF:2
BRH:2
end_of_record
